<component name="libraryTable">
  <library name="junit-4.7">
    <CLASSES>
      <root url="jar://F:/hibernate视频/一般项目需要的jar/junit-4.7.jar!/" />
    </CLASSES>
    <JAVADOC />
    <SOURCES />
  </library>
</component>